2023-01-21T21:10:45+00:00 DEBUG tt4b_product_sync: missing access token for tt4b_product_sync
2023-01-21T21:10:46+00:00 DEBUG tt4b_product_sync: missing access token for tt4b_product_sync
2023-01-21T21:10:47+00:00 DEBUG tt4b_product_sync: missing access token for tt4b_product_sync
2023-01-21T21:10:47+00:00 DEBUG tt4b_product_sync: missing access token for tt4b_product_sync
2023-01-21T21:10:47+00:00 DEBUG tt4b_product_sync: missing access token for tt4b_product_sync
2023-01-21T21:10:48+00:00 DEBUG tt4b_product_sync: missing access token for tt4b_product_sync
2023-01-21T21:10:48+00:00 DEBUG tt4b_product_sync: missing access token for tt4b_product_sync
2023-01-21T21:10:49+00:00 DEBUG tt4b_product_sync: missing access token for tt4b_product_sync
2023-01-21T21:10:59+00:00 DEBUG tt4b_product_sync: missing access token for tt4b_product_sync
2023-01-21T21:11:00+00:00 DEBUG tt4b_product_sync: missing access token for tt4b_product_sync
2023-01-21T21:11:01+00:00 DEBUG tt4b_product_sync: missing access token for tt4b_product_sync
2023-01-21T21:11:01+00:00 DEBUG tt4b_product_sync: missing access token for tt4b_product_sync
2023-01-21T21:12:25+00:00 DEBUG tt4b_product_sync: missing access token for tt4b_product_sync
2023-01-21T21:12:26+00:00 DEBUG tt4b_product_sync: missing access token for tt4b_product_sync
2023-01-21T21:12:27+00:00 DEBUG tt4b_product_sync: missing access token for tt4b_product_sync
2023-01-21T21:12:28+00:00 DEBUG tt4b_product_sync: missing access token for tt4b_product_sync
2023-01-21T21:12:28+00:00 DEBUG tt4b_product_sync: missing access token for tt4b_product_sync
2023-01-21T21:12:29+00:00 DEBUG tt4b_product_sync: missing access token for tt4b_product_sync
2023-01-21T21:12:29+00:00 DEBUG tt4b_product_sync: missing access token for tt4b_product_sync
2023-01-21T21:12:30+00:00 DEBUG tt4b_product_sync: missing access token for tt4b_product_sync
2023-01-21T21:12:31+00:00 DEBUG tt4b_product_sync: missing access token for tt4b_product_sync
2023-01-21T21:12:31+00:00 DEBUG tt4b_product_sync: missing access token for tt4b_product_sync
2023-01-21T21:12:32+00:00 DEBUG tt4b_product_sync: missing access token for tt4b_product_sync
2023-01-21T21:12:32+00:00 DEBUG tt4b_product_sync: missing access token for tt4b_product_sync
2023-01-21T21:13:45+00:00 DEBUG tt4b_product_sync: missing access token for tt4b_product_sync
2023-01-21T21:14:47+00:00 DEBUG tt4b_product_sync: missing access token for tt4b_product_sync
2023-01-21T21:16:17+00:00 DEBUG tt4b_product_sync: missing access token for tt4b_product_sync
2023-01-21T21:16:45+00:00 DEBUG tt4b_product_sync: missing access token for tt4b_product_sync
2023-01-21T21:20:14+00:00 DEBUG Tt4b_Pixel_Class::inject_add_to_cart_event: hit injectAddToCartEvent
2023-01-21T21:20:14+00:00 DEBUG Tt4b_Pixel_Class::inject_add_to_cart_event: Missing option "access_token"
2023-01-21T21:20:41+00:00 DEBUG Tt4b_Pixel_Class::inject_start_checkout: hit injectStartCheckout
2023-01-21T21:20:41+00:00 DEBUG Tt4b_Pixel_Class::inject_start_checkout: Missing option "access_token"
2023-01-21T21:22:15+00:00 DEBUG Tt4b_Pixel_Class::inject_purchase_event: hit injectPurchaseEvent
2023-01-21T21:22:15+00:00 DEBUG Tt4b_Pixel_Class::inject_purchase_event: Missing option "access_token"
